[#] : Caracter
[include] : Identificador
[<] : OperadorRelacional
[stdio] : Identificador
[.] : Caracter
[h] : Identificador
[>] : OperadorRelacional
[#] : Caracter
[include] : Identificador
[<] : OperadorRelacional
[math] : Identificador
[.] : Caracter
[h] : Identificador
[>] : OperadorRelacional
[int] : tipoDatos
[altura] : Identificador
[,] : Caracter
[i] : Identificador
[,] : Caracter
[j] : Identificador
[;] : FinSentencia
[float] : tipoDatos
[x] : Identificador
[,] : Caracter
[y] : Identificador
[,] : Caracter
[c] : Identificador
[;] : FinSentencia
[void] : Identificador
[main] : Identificador
[(] : Caracter
[)] : Caracter
[{] : Inicio
[printf] : Identificador
[(] : Caracter
["El valor de x = %f"] : Cadena
[,] : Caracter
[x] : Identificador
[)] : Caracter
[;] : FinSentencia
[x] : Identificador
[=] : Asignacion
[(] : Caracter
[3] : Numero
[+] : OperadorTermino
[5] : Numero
[)] : Caracter
[*] : OperadorFactor
[8] : Numero
[-] : OperadorTermino
[(] : Caracter
[10] : Numero
[-] : OperadorTermino
[4] : Numero
[)] : Caracter
[/] : OperadorFactor
[2] : Numero
[;] : FinSentencia
[y] : Identificador
[=] : Asignacion
[0] : Numero
[;] : FinSentencia
[printf] : Identificador
[(] : Caracter
["Hola mundo\n"] : Cadena
[)] : Caracter
[;] : FinSentencia
[printf] : Identificador
[(] : Caracter
["ITQ"] : Cadena
[)] : Caracter
[;] : FinSentencia
[z] : Identificador
[=] : Asignacion
[(] : Caracter
[100] : Numero
[+] : OperadorTermino
[200] : Numero
[)] : Caracter
[/] : OperadorFactor
[300] : Numero
[;] : FinSentencia
[printf] : Identificador
[(] : Caracter
["Ingrese el valor de y: "] : Cadena
[)] : Caracter
[;] : FinSentencia
[scanf] : Identificador
[(] : Caracter
["%f"] : Cadena
[,] : Caracter
[&] : Caracter
[y] : Identificador
[)] : Caracter
[;] : FinSentencia
[printf] : Identificador
[(] : Caracter
["\ny = %f"] : Cadena
[,] : Caracter
[y] : Identificador
[)] : Caracter
[;] : FinSentencia
[}] : Fin
[] : Fin
Variables
====================
altura = 0
i = 0
j = 0
x = 0
y = 34
c = 0
